This is pdfTeX, Version 3.141592653-2.6-1.40.22 (TeX Live 2021) (preloaded format=pdflatex 2022.3.17)  27 APR 2022 12:25
entering extended mode
 restricted \write18 enabled.
 %&-line parsing enabled.
**Sprawozdanie.tex
(./Sprawozdanie.tex
LaTeX2e <2020-10-01> patch level 4
L3 programming layer <2021-05-07>
(/usr/share/texlive/texmf-dist/tex/latex/base/article.cls
Document Class: article 2020/04/10 v1.4m Standard LaTeX document class
(/usr/share/texlive/texmf-dist/tex/latex/base/size10.clo
File: size10.clo 2020/04/10 v1.4m Standard LaTeX file (size option)
)
\c@part=\count179
\c@section=\count180
\c@subsection=\count181
\c@subsubsection=\count182
\c@paragraph=\count183
\c@subparagraph=\count184
\c@figure=\count185
\c@table=\count186
\abovecaptionskip=\skip47
\belowcaptionskip=\skip48
\bibindent=\dimen138
)
(/usr/share/texlive/texmf-dist/tex/latex/base/inputenc.sty
Package: inputenc 2020/08/01 v1.3d Input encoding file
\inpenc@prehook=\toks15
\inpenc@posthook=\toks16
)
(/usr/share/texlive/texmf-dist/tex/latex/graphics/graphicx.sty
Package: graphicx 2020/09/09 v1.2b Enhanced LaTeX Graphics (DPC,SPQR)

(/usr/share/texlive/texmf-dist/tex/latex/graphics/keyval.sty
Package: keyval 2014/10/28 v1.15 key=value parser (DPC)
\KV@toks@=\toks17
)
(/usr/share/texlive/texmf-dist/tex/latex/graphics/graphics.sty
Package: graphics 2020/08/30 v1.4c Standard LaTeX Graphics (DPC,SPQR)

(/usr/share/texlive/texmf-dist/tex/latex/graphics/trig.sty
Package: trig 2016/01/03 v1.10 sin cos tan (DPC)
)
(/usr/share/texlive/texmf-dist/tex/latex/graphics-cfg/graphics.cfg
File: graphics.cfg 2016/06/04 v1.11 sample graphics configuration
)
Package graphics Info: Driver file: pdftex.def on input line 105.

(/usr/share/texlive/texmf-dist/tex/latex/graphics-def/pdftex.def
File: pdftex.def 2020/10/05 v1.2a Graphics/color driver for pdftex
))
\Gin@req@height=\dimen139
\Gin@req@width=\dimen140
)
(/usr/share/texlive/texmf-dist/tex/latex/polski/polski.sty
Package: polski 2017/05/04 v1.3.4 Polish language package

   Inputenc package detected. Catcodes not changed.

! Package polski Error: No hyphenation patterns for language `polish'.

See the polski package documentation for explanation.
Type  H <return>  for immediate help.
 ...                                              
                                                  
l.108   \selecthyphenation{polish}
                                  
Hyphenation in this language will be disabled.

   Switching to Polish text encoding and Polish maths fonts.
(/usr/share/texlive/texmf-dist/tex/latex/base/ot4enc.def
File: ot4enc.def 2020/08/10 v2.0s Standard LaTeX file
Now handling font encoding OT4 ...
... no UTF-8 mapping file for font encoding OT4
)
LaTeX Font Info:    Trying to load font information for OT4+cmr on input line 3
60.

(/usr/share/texlive/texmf-dist/tex/latex/polski/ot4cmr.fd
File: ot4cmr.fd 2008/02/24 v1.2.1 Font defs for fonts PL (MW)
)
LaTeX Font Info:    Overwriting math alphabet `\mathbf' in version `normal'
(Font)                  OT1/cmr/bx/n --> OT4/cmr/bx/n on input line 360.
LaTeX Font Info:    Overwriting math alphabet `\mathsf' in version `normal'
(Font)                  OT1/cmss/m/n --> OT4/cmss/m/n on input line 360.
LaTeX Font Info:    Overwriting math alphabet `\mathit' in version `normal'
(Font)                  OT1/cmr/m/it --> OT4/cmr/m/it on input line 360.
LaTeX Font Info:    Overwriting math alphabet `\mathtt' in version `normal'
(Font)                  OT1/cmtt/m/n --> OT4/cmtt/m/n on input line 360.
LaTeX Font Info:    Overwriting math alphabet `\mathsf' in version `bold'
(Font)                  OT1/cmss/bx/n --> OT4/cmss/bx/n on input line 360.
LaTeX Font Info:    Overwriting math alphabet `\mathit' in version `bold'
(Font)                  OT1/cmr/bx/it --> OT4/cmr/bx/it on input line 360.
LaTeX Font Info:    Encoding `OT1' has changed to `OT4' for symbol font
(Font)              `operators' in the math version `normal' on input line 360.

LaTeX Font Info:    Overwriting symbol font `operators' in version `normal'
(Font)                  OT1/cmr/m/n --> OT4/cmr/m/n on input line 360.
LaTeX Font Info:    Overwriting symbol font `letters' in version `normal'
(Font)                  OML/cmm/m/it --> OML/plm/m/it on input line 360.
LaTeX Font Info:    Overwriting symbol font `symbols' in version `normal'
(Font)                  OMS/cmsy/m/n --> OMS/plsy/m/n on input line 360.
LaTeX Font Info:    Overwriting symbol font `largesymbols' in version `normal'
(Font)                  OMX/cmex/m/n --> OMX/plex/m/n on input line 360.
LaTeX Font Info:    Encoding `OT1' has changed to `OT4' for symbol font
(Font)              `operators' in the math version `bold' on input line 360.
LaTeX Font Info:    Overwriting symbol font `operators' in version `bold'
(Font)                  OT1/cmr/bx/n --> OT4/cmr/bx/n on input line 360.
LaTeX Font Info:    Overwriting symbol font `letters' in version `bold'
(Font)                  OML/cmm/b/it --> OML/plm/b/it on input line 360.
LaTeX Font Info:    Overwriting symbol font `symbols' in version `bold'
(Font)                  OMS/cmsy/b/n --> OMS/plsy/b/n on input line 360.
)
(/usr/share/texlive/texmf-dist/tex/latex/caption/subcaption.sty
Package: subcaption 2020/10/07 v1.3j Sub-captions (AR)

(/usr/share/texlive/texmf-dist/tex/latex/caption/caption.sty
Package: caption 2020/10/26 v3.5g Customizing captions (AR)

(/usr/share/texlive/texmf-dist/tex/latex/caption/caption3.sty
Package: caption3 2020/10/21 v2.2e caption3 kernel (AR)
\captionmargin=\dimen141
\captionmargin@=\dimen142
\captionwidth=\dimen143
\caption@tempdima=\dimen144
\caption@indent=\dimen145
\caption@parindent=\dimen146
\caption@hangindent=\dimen147
Package caption Info: Standard document class detected.
)
\c@caption@flags=\count187
\c@continuedfloat=\count188
)
\c@subfigure=\count189
\c@subtable=\count190
)
(/usr/share/texlive/texmf-dist/tex/latex/l3backend/l3backend-pdftex.def
File: l3backend-pdftex.def 2021-05-07 L3 backend support: PDF output (pdfTeX)
\l__color_backend_stack_int=\count191
\l__pdf_internal_box=\box47
)
(./Sprawozdanie.aux)
\openout1 = `Sprawozdanie.aux'.

LaTeX Font Info:    Checking defaults for OML/cmm/m/it on input line 13.
LaTeX Font Info:    ... okay on input line 13.
LaTeX Font Info:    Checking defaults for OMS/cmsy/m/n on input line 13.
LaTeX Font Info:    ... okay on input line 13.
LaTeX Font Info:    Checking defaults for OT1/cmr/m/n on input line 13.
LaTeX Font Info:    ... okay on input line 13.
LaTeX Font Info:    Checking defaults for T1/cmr/m/n on input line 13.
LaTeX Font Info:    ... okay on input line 13.
LaTeX Font Info:    Checking defaults for TS1/cmr/m/n on input line 13.
LaTeX Font Info:    ... okay on input line 13.
LaTeX Font Info:    Checking defaults for OMX/cmex/m/n on input line 13.
LaTeX Font Info:    ... okay on input line 13.
LaTeX Font Info:    Checking defaults for U/cmr/m/n on input line 13.
LaTeX Font Info:    ... okay on input line 13.
LaTeX Font Info:    Checking defaults for OT4/cmr/m/n on input line 13.
LaTeX Font Info:    ... okay on input line 13.

(/usr/share/texlive/texmf-dist/tex/context/base/mkii/supp-pdf.mkii
[Loading MPS to PDF converter (version 2006.09.02).]
\scratchcounter=\count192
\scratchdimen=\dimen148
\scratchbox=\box48
\nofMPsegments=\count193
\nofMParguments=\count194
\everyMPshowfont=\toks18
\MPscratchCnt=\count195
\MPscratchDim=\dimen149
\MPnumerator=\count196
\makeMPintoPDFobject=\count197
\everyMPtoPDFconversion=\toks19
) (/usr/share/texlive/texmf-dist/tex/latex/epstopdf-pkg/epstopdf-base.sty
Package: epstopdf-base 2020-01-24 v2.11 Base part for package epstopdf
Package epstopdf-base Info: Redefining graphics rule for `.eps' on input line 4
85.

(/usr/share/texlive/texmf-dist/tex/latex/latexconfig/epstopdf-sys.cfg
File: epstopdf-sys.cfg 2010/07/13 v1.3 Configuration of (r)epstopdf for TeX Liv
e
))
Package caption Info: Begin \AtBeginDocument code.
Package caption Info: End \AtBeginDocument code.
LaTeX Font Info:    Trying to load font information for OML+plm on input line 1
5.

(/usr/share/texlive/texmf-dist/tex/latex/polski/omlplm.fd
File: omlplm.fd 2008/02/24 v1.2.1 Font defs for fonts PL (MW)
)
LaTeX Font Info:    Trying to load font information for OMS+plsy on input line 
15.

(/usr/share/texlive/texmf-dist/tex/latex/polski/omsplsy.fd
File: omsplsy.fd 2008/02/24 v1.2.1 Font defs for fonts PL (MW)
)
LaTeX Font Info:    Trying to load font information for OMX+plex on input line 
15.

(/usr/share/texlive/texmf-dist/tex/latex/polski/omxplex.fd
File: omxplex.fd 2008/02/24 v1.2.1 Font defs for fonts PL (MW)
)
LaTeX Font Info:    External font `plex10' loaded for size
(Font)              <12> on input line 15.
LaTeX Font Info:    External font `plex10' loaded for size
(Font)              <8> on input line 15.
LaTeX Font Info:    External font `plex10' loaded for size
(Font)              <6> on input line 15.
 [1

{/usr/share/texlive/texmf-var/fonts/map/pdftex/updmap/pdftex.map}] (./Sprawozda
nie.toc
LaTeX Font Info:    External font `plex10' loaded for size
(Font)              <10> on input line 2.
LaTeX Font Info:    External font `plex10' loaded for size
(Font)              <7> on input line 2.
LaTeX Font Info:    External font `plex10' loaded for size
(Font)              <5> on input line 2.
)
\tf@toc=\write3
\openout3 = `Sprawozdanie.toc'.

 [2]
LaTeX Font Info:    Trying to load font information for OT4+cmtt on input line 
22.

(/usr/share/texlive/texmf-dist/tex/latex/polski/ot4cmtt.fd
File: ot4cmtt.fd 2008/02/24 v1.2.1 Font defs for fonts PL (MW)
)
Overfull \hbox (5.97176pt too wide) in paragraph at lines 22--23
\OT4/cmr/m/n/10 W tym sprawozdaniu porównali±my ze sob¡ osiem ró»nych algorytmó
w sortowania
 []


Overfull \hbox (9.97273pt too wide) in paragraph at lines 22--23
\OT4/cmr/m/n/10 w zró»nicowanych warunkach i przy okre±lonych ilo±ciach danych 
w nich zawartych.
 []

[3]
<proste.png, id=19, 612.2875pt x 461.725pt>
File: proste.png Graphic file (type png)
<use proste.png>
Package pdftex.def Info: proste.png  used on input line 60.
(pdftex.def)             Requested size: 172.5pt x 130.07823pt.
<zlozone.png, id=21, 612.2875pt x 461.725pt>
File: zlozone.png Graphic file (type png)
<use zlozone.png>
Package pdftex.def Info: zlozone.png  used on input line 66.
(pdftex.def)             Requested size: 172.5pt x 130.07823pt.

Overfull \hbox (6.16722pt too wide) in paragraph at lines 72--73
[]\OT4/cmr/m/n/10 Analizuj¡c wykresy zauwa»yli±my, »e czas pracy algorytmów pro
stych znacznie
 []


Overfull \hbox (3.58405pt too wide) in paragraph at lines 76--77
\OT4/cmr/m/n/10 Sort, który w poprzedniej próbie wypadª najgorzej, zako«czyª sw
oje wykonywanie
 []


Overfull \hbox (19.75058pt too wide) in paragraph at lines 76--77
\OT4/cmr/m/n/10 tzw. "flag¦", która pozwala szybko wykry¢ cz¦±ciowe posortowani
e tablicy wej±ciowej. 
 []

<proste posortowane.png, id=22, 612.2875pt x 461.725pt>
File: proste posortowane.png Graphic file (type png)
<use proste posortowane.png>
Package pdftex.def Info: proste posortowane.png  used on input line 82.
(pdftex.def)             Requested size: 172.5pt x 130.07823pt.
<zlozone posortowane.png, id=23, 612.2875pt x 461.725pt>
File: zlozone posortowane.png Graphic file (type png)
<use zlozone posortowane.png>
Package pdftex.def Info: zlozone posortowane.png  used on input line 88.
(pdftex.def)             Requested size: 172.5pt x 130.07823pt.

Overfull \hbox (11.52852pt too wide) in paragraph at lines 95--96
\OT4/cmr/m/n/10 Przy rozkªadzie malej¡cym (tablicy odwrotnie posortowanej) zauw
a»amy najgorszy
 []

<proste odwrotnie posortowane.png, id=24, 612.2875pt x 461.725pt>
File: proste odwrotnie posortowane.png Graphic file (type png)
<use proste odwrotnie posortowane.png>
Package pdftex.def Info: proste odwrotnie posortowane.png  used on input line 1
01.
(pdftex.def)             Requested size: 172.5pt x 130.07823pt.
<zlozone odwrotnie posortowane.png, id=25, 612.2875pt x 461.725pt>
File: zlozone odwrotnie posortowane.png Graphic file (type png)
<use zlozone odwrotnie posortowane.png>
Package pdftex.def Info: zlozone odwrotnie posortowane.png  used on input line 
107.
(pdftex.def)             Requested size: 172.5pt x 130.07823pt.
[4 <./proste.png> <./zlozone.png> <./proste posortowane.png> <./zlozone posorto
wane.png>]
Overfull \hbox (14.69507pt too wide) in paragraph at lines 134--135
\OT4/cmr/m/n/10 wstawianie. Warto zaznaczy¢, »e Quick Sort z podziaªem wedªug e
lementu skrajnego
 []

[5 <./proste odwrotnie posortowane.png> <./zlozone odwrotnie posortowane.png>]
<losowe.png, id=38, 612.2875pt x 461.725pt>
File: losowe.png Graphic file (type png)
<use losowe.png>
Package pdftex.def Info: losowe.png  used on input line 140.
(pdftex.def)             Requested size: 172.5pt x 130.07823pt.
<posortowane.png, id=39, 612.2875pt x 461.725pt>
File: posortowane.png Graphic file (type png)
<use posortowane.png>
Package pdftex.def Info: posortowane.png  used on input line 146.
(pdftex.def)             Requested size: 172.5pt x 130.07823pt.

Overfull \hbox (2.6696pt too wide) in paragraph at lines 154--155
\OT4/cmr/m/n/10 Napotykaj¡c ten problem, byli±my zmuszeni obni»y¢ warto±ci $\OM
L/plm/m/it/10 n$ \OT4/cmr/m/n/10 w poszczególnych
 []


Overfull \hbox (17.0829pt too wide) in paragraph at lines 154--155
\OT4/cmr/m/n/10 testach, jak równie» zwi¦kszy¢ limit stosu rekurencyjnego. W ty
m wªa±nie przypadku
 []


Overfull \hbox (10.02844pt too wide) in paragraph at lines 154--155
\OT4/cmr/m/n/10 sortowanie szybkie zajmowaªo skrajnie du»o pami¦ci, co byªo zna
cznym problemem
 []


Overfull \hbox (18.27853pt too wide) in paragraph at lines 156--157
\OT4/cmr/m/n/10 w tablicy minimalizuje mo»liwo±¢ najgorszego przypadku, popular
nym rozwi¡zaniem
 []


Overfull \hbox (7.47276pt too wide) in paragraph at lines 158--159
\OT4/cmr/m/n/10 maj¡c prawie posortowane dane. Sortowanie przez wstawianie równ
ie» nie wymaga
 []


Overfull \hbox (3.88956pt too wide) in paragraph at lines 158--159
\OT4/cmr/m/n/10 dodatkowego nakªadu pami¦ci - wykonuje si¦ "w miejscu" podczas 
gdy sortowanie
 []


Overfull \hbox (3.50075pt too wide) in paragraph at lines 158--159
\OT4/cmr/m/n/10 szybkie potrafi pochªon¡¢ prawie caªy stos rekurencyjny w najgo
rszym przypadku
 []


Overfull \hbox (2.52843pt too wide) in paragraph at lines 158--159
\OT4/cmr/m/n/10 i jest bardzo zachªanny w kontek±cie pami¦ci. Quick Sort dla ±r
edniego przypadku
 []

[6 <./losowe.png> <./posortowane.png>]
<male.png, id=46, 612.2875pt x 461.725pt>
File: male.png Graphic file (type png)
<use male.png>
Package pdftex.def Info: male.png  used on input line 172.
(pdftex.def)             Requested size: 172.5pt x 130.07823pt.
<duze.png, id=47, 612.2875pt x 461.725pt>
File: duze.png Graphic file (type png)
<use duze.png>
Package pdftex.def Info: duze.png  used on input line 178.
(pdftex.def)             Requested size: 172.5pt x 130.07823pt.

Overfull \hbox (11.77841pt too wide) in paragraph at lines 186--187
\OT4/cmr/m/n/10 doborze metod sortowania zale»y dokªadnie przyjrze¢ si¦ zakreso
wi rozpatrywanych
 []


Underfull \hbox (badness 10000) in paragraph at lines 190--192

 []

[7 <./male.png> <./duze.png>] (./Sprawozdanie.aux) ) 
Here is how much of TeX's memory you used:
 2917 strings out of 480806
 49806 string characters out of 5905151
 337387 words of memory out of 6000000
 20281 multiletter control sequences out of 15000+600000
 413369 words of font info for 52 fonts, out of 8000000 for 9000
 14 hyphenation exceptions out of 8191
 67i,7n,77p,743b,353s stack positions out of 5000i,500n,10000p,200000b,80000s
{/usr/share/texlive/texmf-d
ist/fonts/enc/dvips/pl/plms.enc}{/usr/share/texlive/texmf-dist/fonts/enc/dvips/
pl/plmi.enc}{/usr/share/texlive/texmf-dist/fonts/enc/dvips/pl/pltt.enc}{/usr/sh
are/texlive/texmf-dist/fonts/enc/dvips/pl/plrm.enc}</usr/share/texlive/texmf-di
st/fonts/type1/public/pl/plbx10.pfb></usr/share/texlive/texmf-dist/fonts/type1/
public/pl/plbx12.pfb></usr/share/texlive/texmf-dist/fonts/type1/public/pl/plmi1
0.pfb></usr/share/texlive/texmf-dist/fonts/type1/public/pl/plr10.pfb></usr/shar
e/texlive/texmf-dist/fonts/type1/public/pl/plr12.pfb></usr/share/texlive/texmf-
dist/fonts/type1/public/pl/plr17.pfb></usr/share/texlive/texmf-dist/fonts/type1
/public/pl/plsy10.pfb></usr/share/texlive/texmf-dist/fonts/type1/public/pl/pltt
10.pfb>
Output written on Sprawozdanie.pdf (7 pages, 194812 bytes).
PDF statistics:
 85 PDF objects out of 1000 (max. 8388607)
 47 compressed objects within 1 object stream
 0 named destinations out of 1000 (max. 500000)
 51 words of extra memory for PDF output out of 10000 (max. 10000000)

